C51 COMPILER V9.59.0.0   MAIN                                                              06/11/2020 09:44:22 PAGE 1   


C51 COMPILER V9.59.0.0, COMPILATION OF MODULE MAIN
OBJECT MODULE PLACED IN main.OBJ
COMPILER INVOKED BY: D:\Program Files\Keil5\C51\BIN\C51.exe main.c

line level    source

*** WARNING C500 IN LINE 1 OF main.c: LICENSE ERROR (R207(3): REGISTRY READ ERROR)

   1          #include <REG52.h>
   2          #include "UART.h"
   3          bit flag = 1;
   4          sbit LED = P0 ^ 1;
   5          void main()
   6          {
   7   1          UartInit();
   8   1          while (1)
   9   1          {
  10   2              if (flag)
  11   2              {
  12   3                  printf("Hello World!");
  13   3                  LED = ~LED;
  14   3                  flag = ~flag;
  15   3              }
  16   2          }
  17   1      }


MODULE INFORMATION:   STATIC OVERLAYABLE
   CODE SIZE        =     21    ----
   CONSTANT SIZE    =     13    ----
   XDATA SIZE       =   ----    ----
   PDATA SIZE       =   ----    ----
   DATA SIZE        =   ----    ----
   IDATA SIZE       =   ----    ----
   BIT SIZE         =      1    ----
END OF MODULE INFORMATION.


C51 COMPILATION COMPLETE.  1 WARNING(S),  0 ERROR(S)
