C51 COMPILER V9.60.0.0   MAIN                                                              10/01/2020 10:31:59 PAGE 1   


C51 COMPILER V9.60.0.0, COMPILATION OF MODULE MAIN
OBJECT MODULE PLACED IN main.OBJ
COMPILER INVOKED BY: D:\Program Files\Keil5\C51\BIN\C51.exe main.c

line level    source

   1          #include <REG52.h>
   2          #include "UART.h"
   3          bit flag = 1;
   4          sbit LED = P0 ^ 1;
   5          void main()
   6          {
   7   1          UartInit();
   8   1          while (1)
   9   1          {
  10   2              if (flag)
  11   2              {
  12   3                  printf("Hello World!")
  13   3                  LED = ~LED;
*** ERROR C141 IN LINE 13 OF main.c: syntax error near 'LED', expected ';'
  14   3                  flag = ~flag;
  15   3              }
  16   2          }
  17   1      }

C51 COMPILATION COMPLETE.  0 WARNING(S),  1 ERROR(S)
